<?xml version="1.0" encoding="UTF-8"?>
<testng-results skipped="0" failed="0" ignored="0" total="2" passed="2">
  <reporter-output>
  </reporter-output>
  <suite name="Default suite" duration-ms="1342" started-at="2018-06-30T05:22:43Z" finished-at="2018-06-30T05:22:44Z">
    <groups>
    </groups>
    <test name="Default test" duration-ms="1342" started-at="2018-06-30T05:22:43Z" finished-at="2018-06-30T05:22:44Z">
      <class name="test.DemoTestDataProvider">
        <test-method status="PASS" signature="printData(java.lang.String, java.lang.String)[pri:0, instance:test.DemoTestDataProvider@51565ec2]" name="printData" duration-ms="33" started-at="2018-06-30T10:52:44Z" data-provider="getData" finished-at="2018-06-30T10:52:44Z">
          <params>
            <param index="0">
              <value>
                <![CDATA[saurabh.d2106@gmail.com]]>
              </value>
            </param>
            <param index="1">
              <value>
                <![CDATA[Pro@1234]]>
              </value>
            </param>
          </params>
          <reporter-output>
          </reporter-output>
        </test-method> <!-- printData -->
        <test-method status="PASS" signature="printData(java.lang.String, java.lang.String)[pri:0, instance:test.DemoTestDataProvider@51565ec2]" name="printData" duration-ms="4" started-at="2018-06-30T10:52:44Z" data-provider="getData" finished-at="2018-06-30T10:52:44Z">
          <params>
            <param index="0">
              <value>
                <![CDATA[s.dhingra@gmail.com]]>
              </value>
            </param>
            <param index="1">
              <value>
                <![CDATA[Po@1234]]>
              </value>
            </param>
          </params>
          <reporter-output>
          </reporter-output>
        </test-method> <!-- printData -->
      </class> <!-- test.DemoTestDataProvider -->
    </test> <!-- Default test -->
  </suite> <!-- Default suite -->
</testng-results>
